<?xml version="1.0" encoding="UTF-8"?>
<!-- Generated by org.testng.reporters.JUnitXMLReporter -->
<testsuite ignored="0" hostname="LAPTOP-U4RBV0NB" failures="0" tests="3" name="Test-Runner-Chrome" time="36.256" errors="0" timestamp="2023-04-08T12:14:25 IST">
  <testcase classname="vitiger.GenericUtilites.BaseClass" name="@BeforeTest bcConfig" time="35.58">
    <failure type="org.openqa.selenium.remote.http.ConnectionFailedException" message="Unable to establish websocket connection to http://localhost:50551/devtools/browser/46e6c94c-284d-49fc-8fef-0e357e55619e
Build info: version: &amp;apos;4.8.0&amp;apos;, revision: &amp;apos;267030adea&amp;apos;
System info: os.name: &amp;apos;Windows 11&amp;apos;, os.arch: &amp;apos;amd64&amp;apos;, os.version: &amp;apos;10.0&amp;apos;, java.version: &amp;apos;17.0.6&amp;apos;
Driver info: driver.version: ChromeDriver">
      <![CDATA[org.openqa.selenium.remote.http.ConnectionFailedException: Unable to establish websocket connection to http://localhost:50551/devtools/browser/46e6c94c-284d-49fc-8fef-0e357e55619e
Build info: version: '4.8.0', revision: '267030adea'
System info: os.name: 'Windows 11', os.arch: 'amd64', os.version: '10.0', java.version: '17.0.6'
Driver info: driver.version: ChromeDriver
at org.openqa.selenium.remote.http.netty.NettyWebSocket.<init>(NettyWebSocket.java:102)
at org.openqa.selenium.remote.http.netty.NettyWebSocket.lambda$create$3(NettyWebSocket.java:128)
at org.openqa.selenium.remote.http.netty.NettyClient.openSocket(NettyClient.java:107)
at org.openqa.selenium.devtools.Connection.<init>(Connection.java:78)
at org.openqa.selenium.chromium.ChromiumDriver.lambda$new$2(ChromiumDriver.java:116)
at java.base/java.util.Optional.map(Optional.java:260)
at org.openqa.selenium.chromium.ChromiumDriver.<init>(ChromiumDriver.java:114)
at org.openqa.selenium.chrome.ChromeDriver.<init>(ChromeDriver.java:82)
at org.openqa.selenium.chrome.ChromeDriver.<init>(ChromeDriver.java:50)
at vitiger.GenericUtilites.BaseClass.bcConfig(BaseClass.java:50)
at java.base/java.util.concurrent.FutureTask.run(FutureTask.java:264)
at java.base/java.util.concurrent.ThreadPoolExecutor.runWorker(ThreadPoolExecutor.java:1136)
at java.base/java.util.concurrent.ThreadPoolExecutor$Worker.run(ThreadPoolExecutor.java:635)
at java.base/java.lang.Thread.run(Thread.java:833)
... Removed 15 stack frames]]>
    </failure>
  </testcase> <!-- @BeforeTest bcConfig -->
  <testcase classname="vitiger.GenericUtilites.BaseClass" name="@BeforeMethod bmConfig" time="-1.680936262606E9">
    <skipped/>
  </testcase> <!-- @BeforeMethod bmConfig -->
  <testcase classname="vitiger.GenericUtilites.BaseClass" name="@AfterMethod amConfig" time="-1.680936262689E9">
    <skipped/>
  </testcase> <!-- @AfterMethod amConfig -->
  <testcase classname="vitiger.GenericUtilites.BaseClass" name="@BeforeMethod bmConfig" time="-1.680936262691E9">
    <skipped/>
  </testcase> <!-- @BeforeMethod bmConfig -->
  <testcase classname="vitiger.GenericUtilites.BaseClass" name="@AfterMethod amConfig" time="-1.680936262707E9">
    <skipped/>
  </testcase> <!-- @AfterMethod amConfig -->
  <testcase classname="vitiger.GenericUtilites.BaseClass" name="@BeforeMethod bmConfig" time="-1.680936262709E9">
    <skipped/>
  </testcase> <!-- @BeforeMethod bmConfig -->
  <testcase classname="vitiger.GenericUtilites.BaseClass" name="@AfterMethod amConfig" time="-1.680936262718E9">
    <skipped/>
  </testcase> <!-- @AfterMethod amConfig -->
  <testcase classname="vitiger.GenericUtilites.BaseClass" name="@AfterTest acConfig" time="-1.680936262724E9">
    <skipped/>
  </testcase> <!-- @AfterTest acConfig -->
  <testcase classname="Vitiger.Organizations.CreateOrganizationTest" name="CreateOrganizationTest" time="0.0">
    <skipped/>
  </testcase> <!-- CreateOrganizationTest -->
  <testcase classname="Vitiger.Organizations.CreateOrganizationTest" name="demoScript" time="0.0">
    <skipped/>
  </testcase> <!-- demoScript -->
  <testcase classname="Vitiger.Organizations.CreateOrganizationTest" name="regional" time="0.0">
    <skipped/>
  </testcase> <!-- regional -->
</testsuite> <!-- Test-Runner-Chrome -->
