<?xml version="1.0" encoding="UTF-8"?>
<!-- Generated by org.testng.reporters.JUnitReportReporter -->
<testsuite hostname="LAPTOP-U4RBV0NB" failures="0" tests="7" name="Vitiger.Organizations.CreateOrganizationTest" time="112.468" errors="1" timestamp="2023-04-08T12:15:24 IST" skipped="3">
  <testcase classname="Vitiger.Organizations.CreateOrganizationTest" name="CreateOrganizationTest" time="0.000">
    <skipped/>
  </testcase> <!-- CreateOrganizationTest -->
  <system-out/>
  <testcase classname="Vitiger.Organizations.CreateOrganizationTest" name="bcConfig" time="35.580">
    <error message="Unable to establish websocket connection to http://localhost:50551/devtools/browser/46e6c94c-284d-49fc-8fef-0e357e55619e
Build info: version: &#039;4.8.0&#039;, revision: &#039;267030adea&#039;
System info: os.name: &#039;Windows 11&#039;, os.arch: &#039;amd64&#039;, os.version: &#039;10.0&#039;, java.version: &#039;17.0.6&#039;
Driver info: driver.version: ChromeDriver" type="org.openqa.selenium.remote.http.ConnectionFailedException">
      <![CDATA[org.openqa.selenium.remote.http.ConnectionFailedException: Unable to establish websocket connection to http://localhost:50551/devtools/browser/46e6c94c-284d-49fc-8fef-0e357e55619e
Build info: version: '4.8.0', revision: '267030adea'
System info: os.name: 'Windows 11', os.arch: 'amd64', os.version: '10.0', java.version: '17.0.6'
Driver info: driver.version: ChromeDriver
at org.openqa.selenium.remote.http.netty.NettyWebSocket.<init>(NettyWebSocket.java:102)
at org.openqa.selenium.remote.http.netty.NettyWebSocket.lambda$create$3(NettyWebSocket.java:128)
at org.openqa.selenium.remote.http.netty.NettyClient.openSocket(NettyClient.java:107)
at org.openqa.selenium.devtools.Connection.<init>(Connection.java:78)
at org.openqa.selenium.chromium.ChromiumDriver.lambda$new$2(ChromiumDriver.java:116)
at java.base/java.util.Optional.map(Optional.java:260)
at org.openqa.selenium.chromium.ChromiumDriver.<init>(ChromiumDriver.java:114)
at org.openqa.selenium.chrome.ChromeDriver.<init>(ChromeDriver.java:82)
at org.openqa.selenium.chrome.ChromeDriver.<init>(ChromeDriver.java:50)
at vitiger.GenericUtilites.BaseClass.bcConfig(BaseClass.java:50)
at java.base/jdk.internal.reflect.NativeMethodAccessorImpl.invoke0(Native Method)
at java.base/jdk.internal.reflect.NativeMethodAccessorImpl.invoke(NativeMethodAccessorImpl.java:77)
at java.base/jdk.internal.reflect.DelegatingMethodAccessorImpl.invoke(DelegatingMethodAccessorImpl.java:43)
at java.base/java.lang.reflect.Method.invoke(Method.java:568)
at org.testng.internal.MethodInvocationHelper.invokeMethod(MethodInvocationHelper.java:133)
at org.testng.internal.MethodInvocationHelper.invokeMethodConsideringTimeout(MethodInvocationHelper.java:62)
at org.testng.internal.ConfigInvoker.invokeConfigurationMethod(ConfigInvoker.java:385)
at org.testng.internal.ConfigInvoker.invokeConfigurations(ConfigInvoker.java:321)
at org.testng.TestRunner.invokeTestConfigurations(TestRunner.java:637)
at org.testng.TestRunner.beforeRun(TestRunner.java:627)
at org.testng.TestRunner.run(TestRunner.java:589)
at org.testng.SuiteRunner.runTest(SuiteRunner.java:377)
at org.testng.SuiteRunner.access$000(SuiteRunner.java:28)
at org.testng.SuiteRunner$SuiteWorker.run(SuiteRunner.java:418)
at org.testng.internal.thread.ThreadUtil.lambda$execute$0(ThreadUtil.java:64)
at java.base/java.util.concurrent.FutureTask.run(FutureTask.java:264)
at java.base/java.util.concurrent.ThreadPoolExecutor.runWorker(ThreadPoolExecutor.java:1136)
at java.base/java.util.concurrent.ThreadPoolExecutor$Worker.run(ThreadPoolExecutor.java:635)
at java.base/java.lang.Thread.run(Thread.java:833)
]]>
    </error>
  </testcase> <!-- bcConfig -->
  <system-out/>
  <testcase classname="Vitiger.Organizations.CreateOrganizationTest" name="regional" time="20.281"/>
  <system-out/>
  <testcase classname="Vitiger.Organizations.CreateOrganizationTest" name="CreateOrganizationTest" time="44.473"/>
  <system-out/>
  <testcase classname="Vitiger.Organizations.CreateOrganizationTest" name="demoScript" time="0.000">
    <skipped/>
  </testcase> <!-- demoScript -->
  <system-out/>
  <testcase classname="Vitiger.Organizations.CreateOrganizationTest" name="regional" time="0.000">
    <skipped/>
  </testcase> <!-- regional -->
  <system-out/>
  <testcase classname="Vitiger.Organizations.CreateOrganizationTest" name="demoScript" time="12.134"/>
  <system-out/>
</testsuite> <!-- Vitiger.Organizations.CreateOrganizationTest -->
